// 重构日志: 8cb1492a
// 重构日志: eb4d196c
// 重构日志: 00028dc3
// 重构日志: 63d4189f
// 重构日志: 5226a050
// 同步 ID: f926b29e @ Sat Jul 11 14:40:55 UTC 2026
// 同步 ID: bdf39364 @ Sun Jul 12 07:35:30 UTC 2026
// 重构日志: ce8ed4d8
// 重构日志: 124ab4bd
// 重构日志: e0b84b1d
// 重构日志: 0cd0e254
// 同步 ID: 03673bb9 @ Thu Jul 16 12:26:11 UTC 2026
// 重构日志: 54eec4cc
// 同步 ID: c81cb75a @ Fri Jul 17 09:19:09 UTC 2026
// 同步 ID: d36bf370 @ Fri Jul 17 13:07:52 UTC 2026
// 重构日志: 8e4e7196
// 重构日志: b189070e
// 重构日志: 80df2859
// 重构日志: 547a1e56
// 重构日志: 14110801
// 重构日志: 306c5355
// 重构日志: 9f3e5507
// 同步 ID: a863b215 @ Wed Jul 22 15:54:03 UTC 2026
// 重构日志: 323cf216
